[debug] [2023-07-01T08:32:39.620Z] ----------------------------------------------------------------------
[debug] [2023-07-01T08:32:39.622Z] Command:       C:\Program Files\nodejs\node.exe C:\Users\himba\AppData\Roaming\npm\node_modules\firebase-tools\lib\bin\firebase.js deploy
[debug] [2023-07-01T08:32:39.622Z] CLI Version:   12.4.0
[debug] [2023-07-01T08:32:39.623Z] Platform:      win32
[debug] [2023-07-01T08:32:39.623Z] Node Version:  v18.16.0
[debug] [2023-07-01T08:32:39.917Z] Time:          Sat Jul 01 2023 14:02:39 GMT+0530 (India Standard Time)
[debug] [2023-07-01T08:32:39.918Z] ----------------------------------------------------------------------
[debug] 
[debug] [2023-07-01T08:32:40.152Z] > command requires scopes: ["email","openid","https://www.googleapis.com/auth/cloudplatformprojects.readonly","https://www.googleapis.com/auth/firebase","https://www.googleapis.com/auth/cloud-platform"]
[debug] [2023-07-01T08:32:40.153Z] > authorizing via signed-in user (singhhimanshu1000@gmail.com)
[debug] [2023-07-01T08:32:40.153Z] [iam] checking project todoapp-ef35a for permissions ["firebase.projects.get","firebasehosting.sites.update"]
[debug] [2023-07-01T08:32:40.155Z] > refreshing access token with scopes: []
[debug] [2023-07-01T08:32:40.157Z] >>> [apiv2][query] POST https://www.googleapis.com/oauth2/v3/token [none]
[debug] [2023-07-01T08:32:40.157Z] >>> [apiv2][body] POST https://www.googleapis.com/oauth2/v3/token [omitted]
[debug] [2023-07-01T08:33:02.675Z] [iam] error while checking permissions, command may fail: FirebaseError: Authentication Error: Your credentials are no longer valid. Please run firebase login --reauth

For CI servers and headless environments, generate a new token with firebase login:ci
[debug] [2023-07-01T08:33:02.677Z] > refreshing access token with scopes: []
[debug] [2023-07-01T08:33:02.678Z] >>> [apiv2][query] POST https://www.googleapis.com/oauth2/v3/token [none]
[debug] [2023-07-01T08:33:02.678Z] >>> [apiv2][body] POST https://www.googleapis.com/oauth2/v3/token [omitted]
[debug] [2023-07-01T08:33:23.770Z] Authentication Error: Your credentials are no longer valid. Please run firebase login --reauth

For CI servers and headless environments, generate a new token with firebase login:ci
[debug] [2023-07-01T08:33:28.862Z] Error: Timed out.
    at Timeout._onTimeout (C:\Users\himba\AppData\Roaming\npm\node_modules\firebase-tools\lib\utils.js:253:49)
    at listOnTimeout (node:internal/timers:569:17)
    at process.processTimers (node:internal/timers:512:7)
[error] 
[error] Error: An unexpected error has occurred.
[debug] [2023-07-01T08:34:07.196Z] ----------------------------------------------------------------------
[debug] [2023-07-01T08:34:07.198Z] Command:       C:\Program Files\nodejs\node.exe C:\Users\himba\AppData\Roaming\npm\node_modules\firebase-tools\lib\bin\firebase.js deploy
[debug] [2023-07-01T08:34:07.198Z] CLI Version:   12.4.0
[debug] [2023-07-01T08:34:07.199Z] Platform:      win32
[debug] [2023-07-01T08:34:07.199Z] Node Version:  v18.16.0
[debug] [2023-07-01T08:34:07.200Z] Time:          Sat Jul 01 2023 14:04:07 GMT+0530 (India Standard Time)
[debug] [2023-07-01T08:34:07.200Z] ----------------------------------------------------------------------
[debug] 
[debug] [2023-07-01T08:34:07.284Z] > command requires scopes: ["email","openid","https://www.googleapis.com/auth/cloudplatformprojects.readonly","https://www.googleapis.com/auth/firebase","https://www.googleapis.com/auth/cloud-platform"]
[debug] [2023-07-01T08:34:07.285Z] > authorizing via signed-in user (singhhimanshu1000@gmail.com)
[debug] [2023-07-01T08:34:07.285Z] [iam] checking project todoapp-ef35a for permissions ["firebase.projects.get","firebasehosting.sites.update"]
[debug] [2023-07-01T08:34:07.287Z] > refreshing access token with scopes: []
[debug] [2023-07-01T08:34:07.289Z] >>> [apiv2][query] POST https://www.googleapis.com/oauth2/v3/token [none]
[debug] [2023-07-01T08:34:07.289Z] >>> [apiv2][body] POST https://www.googleapis.com/oauth2/v3/token [omitted]
[debug] [2023-07-01T08:34:28.438Z] [iam] error while checking permissions, command may fail: FirebaseError: Authentication Error: Your credentials are no longer valid. Please run firebase login --reauth

For CI servers and headless environments, generate a new token with firebase login:ci
[debug] [2023-07-01T08:34:28.440Z] > refreshing access token with scopes: []
[debug] [2023-07-01T08:34:28.441Z] >>> [apiv2][query] POST https://www.googleapis.com/oauth2/v3/token [none]
[debug] [2023-07-01T08:34:28.441Z] >>> [apiv2][body] POST https://www.googleapis.com/oauth2/v3/token [omitted]
[debug] [2023-07-01T08:34:49.506Z] Authentication Error: Your credentials are no longer valid. Please run firebase login --reauth

For CI servers and headless environments, generate a new token with firebase login:ci
[debug] [2023-07-01T08:34:54.528Z] Error: Timed out.
    at Timeout._onTimeout (C:\Users\himba\AppData\Roaming\npm\node_modules\firebase-tools\lib\utils.js:253:49)
    at listOnTimeout (node:internal/timers:569:17)
    at process.processTimers (node:internal/timers:512:7)
[error] 
[error] Error: An unexpected error has occurred.
[debug] [2023-07-01T08:47:37.251Z] ----------------------------------------------------------------------
[debug] [2023-07-01T08:47:37.254Z] Command:       C:\Program Files\nodejs\node.exe C:\Users\himba\AppData\Roaming\npm\node_modules\firebase-tools\lib\bin\firebase.js deploy
[debug] [2023-07-01T08:47:37.255Z] CLI Version:   12.4.0
[debug] [2023-07-01T08:47:37.255Z] Platform:      win32
[debug] [2023-07-01T08:47:37.256Z] Node Version:  v18.16.0
[debug] [2023-07-01T08:47:37.257Z] Time:          Sat Jul 01 2023 14:17:37 GMT+0530 (India Standard Time)
[debug] [2023-07-01T08:47:37.257Z] ----------------------------------------------------------------------
[debug] 
[debug] [2023-07-01T08:47:37.423Z] > command requires scopes: ["email","openid","https://www.googleapis.com/auth/cloudplatformprojects.readonly","https://www.googleapis.com/auth/firebase","https://www.googleapis.com/auth/cloud-platform"]
[debug] [2023-07-01T08:47:37.424Z] > authorizing via signed-in user (singhhimanshu1000@gmail.com)
[debug] [2023-07-01T08:47:37.424Z] [iam] checking project todoapp-ef35a for permissions ["firebase.projects.get","firebasehosting.sites.update"]
[debug] [2023-07-01T08:47:37.428Z] > refreshing access token with scopes: []
[debug] [2023-07-01T08:47:37.434Z] >>> [apiv2][query] POST https://www.googleapis.com/oauth2/v3/token [none]
[debug] [2023-07-01T08:47:37.434Z] >>> [apiv2][body] POST https://www.googleapis.com/oauth2/v3/token [omitted]
[debug] [2023-07-01T08:47:59.694Z] [iam] error while checking permissions, command may fail: FirebaseError: Authentication Error: Your credentials are no longer valid. Please run firebase login --reauth

For CI servers and headless environments, generate a new token with firebase login:ci
[debug] [2023-07-01T08:47:59.695Z] > refreshing access token with scopes: []
[debug] [2023-07-01T08:47:59.696Z] >>> [apiv2][query] POST https://www.googleapis.com/oauth2/v3/token [none]
[debug] [2023-07-01T08:47:59.696Z] >>> [apiv2][body] POST https://www.googleapis.com/oauth2/v3/token [omitted]
[debug] [2023-07-01T08:48:20.723Z] Authentication Error: Your credentials are no longer valid. Please run firebase login --reauth

For CI servers and headless environments, generate a new token with firebase login:ci
[debug] [2023-07-01T08:48:25.740Z] Error: Timed out.
    at Timeout._onTimeout (C:\Users\himba\AppData\Roaming\npm\node_modules\firebase-tools\lib\utils.js:253:49)
    at listOnTimeout (node:internal/timers:569:17)
    at process.processTimers (node:internal/timers:512:7)
[error] 
[error] Error: An unexpected error has occurred.
